
Showing logs for build [32mjenkins-x-labs-bot-bdd-gh-15861-zxqfk-1[0m stage [32mfrom-build-pack[0m and container [32mstep-credential-initializer-bzzb6[0m
{"level":"warn","ts":1586188107.963065,"logger":"fallback-logger","caller":"logging/config.go:69","msg":"Fetch GitHub commit ID from kodata failed: \"ref: refs/heads/0.8.0-**-support-backwards-incompats\" is not a valid GitHub commit ID"}
{"level":"info","ts":1586188107.9636292,"logger":"fallback-logger","caller":"creds-init/main.go:40","msg":"Credentials initialized."}

Showing logs for build [32mjenkins-x-labs-bot-bdd-gh-15861-zxqfk-1[0m stage [32mfrom-build-pack[0m and container [32mstep-working-dir-initializer-mv2zg[0m
{"level":"warn","ts":1586188108.5597389,"logger":"fallback-logger","caller":"logging/config.go:69","msg":"Fetch GitHub commit ID from kodata failed: open /var/run/ko/HEAD: no such file or directory"}
{"level":"info","ts":1586188108.5608706,"logger":"fallback-logger","caller":"bash/main.go:64","msg":"Successfully executed command \"sh -c mkdir -p /workspace/source\"; output "}

Showing logs for build [32mjenkins-x-labs-bot-bdd-gh-15861-zxqfk-1[0m stage [32mfrom-build-pack[0m and container [32mstep-place-tools[0m

Showing logs for build [32mjenkins-x-labs-bot-bdd-gh-15861-zxqfk-1[0m stage [32mfrom-build-pack[0m and container [32mstep-git-source-jenkins-x-labs-bot-bdd-gh-15861-zxqfk-c42j4[0m
{"level":"warn","ts":1586188113.6928303,"logger":"fallback-logger","caller":"logging/config.go:69","msg":"Fetch GitHub commit ID from kodata failed: \"ref: refs/heads/0.8.0-**-support-backwards-incompats\" is not a valid GitHub commit ID"}
{"level":"info","ts":1586188114.7404187,"logger":"fallback-logger","caller":"git/git.go:103","msg":"Successfully cloned https://github.com/******************/bdd-gh-1586187602.git @ master in path /workspace/source"}

Showing logs for build [32mjenkins-x-labs-bot-bdd-gh-15861-zxqfk-1[0m stage [32mfrom-build-pack[0m and container [32mstep-git-merge[0m
Using SHAs from PULL_REFS=master:5076e933822b5bbad00874ce0cf2a7d6544a52f4,1:731ce1c1183d1c8f4602ed95bc32dbf3b01a11e7
DEBUG: LC_ALL=C JX_LOG_LEVEL=error git fetch origin --unshallow 731ce1c1183d1c8f4602ed95bc32dbf3b01a11e7: 5076e933822b5bbad00874ce0cf2a7d6544a52f4:
DEBUG: ran git fetch --unshallow origin 731ce1c1183d1c8f4602ed95bc32dbf3b01a11e7: 5076e933822b5bbad00874ce0cf2a7d6544a52f4: in 
DEBUG: LC_ALL=C JX_LOG_LEVEL=error git branch
DEBUG: LC_ALL=C JX_LOG_LEVEL=error git checkout master
DEBUG: ran git checkout master in 
DEBUG: JX_LOG_LEVEL=error LC_ALL=C git reset --hard 5076e933822b5bbad00874ce0cf2a7d6544a52f4
DEBUG: ran git reset --hard 5076e933822b5bbad00874ce0cf2a7d6544a52f4 in 
DEBUG: LC_ALL=C JX_LOG_LEVEL=error git clean -fd .
DEBUG: ran clean --force -d . in 
DEBUG: JX_LOG_LEVEL=error LC_ALL=C git merge 731ce1c1183d1c8f4602ed95bc32dbf3b01a11e7
DEBUG: ran git merge 731ce1c1183d1c8f4602ed95bc32dbf3b01a11e7 in 
DEBUG: LC_ALL=C JX_LOG_LEVEL=error git log --format=%H%x1f%an%x1f%ae%x1f%cn%x1f%ce%x1f%s%n%b%x1e 5076e933822b5bbad00874ce0cf2a7d6544a52f4..HEAD
Merged SHA 731ce1c1183d1c8f4602ed95bc32dbf3b01a11e7 with commit message 'My first PR commit' into base branch master

Showing logs for build [32mjenkins-x-labs-bot-bdd-gh-15861-zxqfk-1[0m stage [32mfrom-build-pack[0m and container [32mstep-build-make-linux[0m
CGO_ENABLED=0 GOOS=linux GOARCH=amd64 GO15VENDOREXPERIMENT=1 go build -ldflags '' -o bin/bdd-gh-1586187602 main.go

Showing logs for build [32mjenkins-x-labs-bot-bdd-gh-15861-zxqfk-1[0m stage [32mfrom-build-pack[0m and container [32mstep-build-container-build[0m
ERROR: logging before flag.Parse: E0406 15:48:41.453205      12 metadata.go:241] Failed to unmarshal scopes: invalid character 'h' looking for beginning of value
[36mINFO[0m[0000] No base image, nothing to extract            
[36mINFO[0m[0000] cmd: EXPOSE                                  
[36mINFO[0m[0000] Adding exposed port: 8080/tcp                
[36mINFO[0m[0000] Using files from context: [/workspace/source/bin] 
[36mINFO[0m[0000] Skipping unpacking as no commands require it. 
[36mINFO[0m[0000] Taking snapshot of full filesystem...        
[36mINFO[0m[0000] EXPOSE 8080                                  
[36mINFO[0m[0000] cmd: EXPOSE                                  
[36mINFO[0m[0000] Adding exposed port: 8080/tcp                
[36mINFO[0m[0000] No files changed in this command, skipping snapshotting. 
[36mINFO[0m[0000] ENTRYPOINT ["/bdd-gh-1586187602"]            
[36mINFO[0m[0000] No files changed in this command, skipping snapshotting. 
[36mINFO[0m[0000] Using files from context: [/workspace/source/bin] 
[36mINFO[0m[0000] COPY ./bin/ /                                
[36mINFO[0m[0000] Taking snapshot of files...                  
2020/04/06 15:48:45 pushed blob: sha256:a8d66dc54567ae7b2988620b1279f27d1fc90b19785f489e8eeca4b674c9cde9
2020/04/06 15:48:46 pushed blob: sha256:4509e3465cbd57f1c0ba3dc599d225a9fd68c41ed0b2701ee842b57434f0706e
2020/04/06 15:48:47 gcr.io/jenkins-x-labs-bdd/bdd-gh-1586187602:0.0.0-SNAPSHOT-PR-1-1: digest: sha256:f1e564212e62a6a670af028a4c4a00b5eae4ce39bdd421a59843dc0d5129abaa size: 428

Showing logs for build [32mjenkins-x-labs-bot-bdd-gh-15861-zxqfk-1[0m stage [32mfrom-build-pack[0m and container [32mstep-postbuild-post-build[0m
no CVE provider running in the current ** namespace so skip adding image to be analysed

Showing logs for build [32mjenkins-x-labs-bot-bdd-gh-15861-zxqfk-1[0m stage [32mfrom-build-pack[0m and container [32mstep-promote-make-preview[0m
sed -i -e "s/version:.*/version: 0.0.0-SNAPSHOT-PR-1-1/" Chart.yaml
sed -i -e "s/version:.*/version: 0.0.0-SNAPSHOT-PR-1-1/" ../*/Chart.yaml
sed -i -e "s|repository:.*|repository: gcr.io\/jenkins-x-labs-bdd\/bdd-gh-1586187602|" values.yaml
sed -i -e "s/tag:.*/tag: 0.0.0-SNAPSHOT-PR-1-1/" values.yaml
echo "  version: 0.0.0-SNAPSHOT-PR-1-1" >> requirements.yaml
** step helm build
WARNING: No $CHART_REPOSITORY defined so using the default value of: http://jenkins-x-chartmuseum:8080
Adding missing Helm repo: storage.googleapis.com https://storage.googleapis.com/chartmuseum.jenkins-x.io
Successfully added Helm repository storage.googleapis.com.
Adding missing Helm repo: jenkins-x-chartmuseum http://jenkins-x-chartmuseum:8080
Successfully added Helm repository jenkins-x-chartmuseum.
WARNING: No $CHART_REPOSITORY defined so using the default value of: http://jenkins-x-chartmuseum:8080

Showing logs for build [32mjenkins-x-labs-bot-bdd-gh-15861-zxqfk-1[0m stage [32mfrom-build-pack[0m and container [32mstep-promote-jx-preview[0m
Creating a preview
Created environment ******************-bdd-gh-1586187602-pr-1
Namespace **-******************-bdd-gh-1586187602-pr-1 created 
expose:
  Annotations:
    helm.sh/hook: post-install,post-upgrade
    helm.sh/hook-delete-policy: hook-succeeded
  config:
    domain: 34.77.211.196.nip.io
    exposer: Ingress
    http: "true"
preview:
  image:
    repository: gcr.io/jenkins-x-labs-bdd/bdd-gh-1586187602
    tag: 0.0.0-SNAPSHOT-PR-1-1
adding helm values file /workspace/source/charts/preview/**Requirements.values.yaml for namespace **-******************-bdd-gh-1586187602-pr-1
Updating PipelineActivities ******************-bdd-gh-1586187602-pr-1-1 which has status Running
WARNING: preview application http://bdd-gh-1586187602-**-******************-bdd-gh-1586187602-pr-1.34.77.211.196.nip.io not available, error was 503 503 Service Temporarily Unavailable, delaying for: 1.252573036s
WARNING: preview application http://bdd-gh-1586187602-**-******************-bdd-gh-1586187602-pr-1.34.77.211.196.nip.io not available, error was 503 503 Service Temporarily Unavailable, delaying for: 1.795078749s
Preview application is now available at: http://bdd-gh-1586187602-**-******************-bdd-gh-1586187602-pr-1.34.77.211.196.nip.io
